==========================================
[1/35] 模型: DANCER, 噪声: bw, SNR: -4dB, 第 1 次运行
==========================================
SNR: 8.55
RMSE: 0.2050
完成: DANCER - bw - -4dB - 第 1 次运行

==========================================
[2/35] 模型: DANCER, 噪声: bw, SNR: -4dB, 第 2 次运行
==========================================
SNR: 8.52
RMSE: 0.2048
完成: DANCER - bw - -4dB - 第 2 次运行

==========================================
[3/35] 模型: DANCER, 噪声: bw, SNR: -4dB, 第 3 次运行
==========================================
SNR: 8.69
RMSE: 0.1998
完成: DANCER - bw - -4dB - 第 3 次运行

==========================================
[4/35] 模型: DANCER, 噪声: bw, SNR: -4dB, 第 4 次运行
==========================================
SNR: 8.42
RMSE: 0.2078
完成: DANCER - bw - -4dB - 第 4 次运行

==========================================
[5/35] 模型: DANCER, 噪声: bw, SNR: -4dB, 第 5 次运行
==========================================
SNR: 8.56
RMSE: 0.2057
完成: DANCER - bw - -4dB - 第 5 次运行

==========================================
[6/35] 模型: DANCER, 噪声: em, SNR: -4dB, 第 1 次运行
==========================================
SNR: 7.69
RMSE: 0.2213
完成: DANCER - em - -4dB - 第 1 次运行

==========================================
[7/35] 模型: DANCER, 噪声: em, SNR: -4dB, 第 2 次运行
==========================================
SNR: 7.51
RMSE: 0.2248
完成: DANCER - em - -4dB - 第 2 次运行

==========================================
[8/35] 模型: DANCER, 噪声: em, SNR: -4dB, 第 3 次运行
==========================================
SNR: 7.52
RMSE: 0.2263
完成: DANCER - em - -4dB - 第 3 次运行

==========================================
[9/35] 模型: DANCER, 噪声: em, SNR: -4dB, 第 4 次运行
==========================================
SNR: 7.27
RMSE: 0.2314
完成: DANCER - em - -4dB - 第 4 次运行

==========================================
[10/35] 模型: DANCER, 噪声: em, SNR: -4dB, 第 5 次运行
==========================================
SNR: 7.54
RMSE: 0.2244
完成: DANCER - em - -4dB - 第 5 次运行

==========================================
[11/35] 模型: DANCER, 噪声: ma, SNR: -4dB, 第 1 次运行
==========================================
SNR: 6.94
RMSE: 0.2384
完成: DANCER - ma - -4dB - 第 1 次运行

==========================================
[12/35] 模型: DANCER, 噪声: ma, SNR: -4dB, 第 2 次运行
==========================================
SNR: 6.97
RMSE: 0.2378
完成: DANCER - ma - -4dB - 第 2 次运行

==========================================
[13/35] 模型: DANCER, 噪声: ma, SNR: -4dB, 第 3 次运行
==========================================
SNR: 7.00
RMSE: 0.2363
完成: DANCER - ma - -4dB - 第 3 次运行

==========================================
[14/35] 模型: DANCER, 噪声: ma, SNR: -4dB, 第 4 次运行
==========================================
SNR: 6.96
RMSE: 0.2386
完成: DANCER - ma - -4dB - 第 4 次运行

==========================================
[15/35] 模型: DANCER, 噪声: ma, SNR: -4dB, 第 5 次运行
==========================================
SNR: 7.11
RMSE: 0.2340
完成: DANCER - ma - -4dB - 第 5 次运行

==========================================
[16/35] 模型: DANCER, 噪声: emb, SNR: -4dB, 第 1 次运行
==========================================
SNR: 6.40
RMSE: 0.2517
完成: DANCER - emb - -4dB - 第 1 次运行

==========================================
[17/35] 模型: DANCER, 噪声: emb, SNR: -4dB, 第 2 次运行
==========================================
SNR: 6.66
RMSE: 0.2446
完成: DANCER - emb - -4dB - 第 2 次运行

==========================================
[18/35] 模型: DANCER, 噪声: emb, SNR: -4dB, 第 3 次运行
==========================================
SNR: 6.54
RMSE: 0.2487
完成: DANCER - emb - -4dB - 第 3 次运行

==========================================
[19/35] 模型: DANCER, 噪声: emb, SNR: -4dB, 第 4 次运行
==========================================
SNR: 6.80
RMSE: 0.2419
完成: DANCER - emb - -4dB - 第 4 次运行

==========================================
[20/35] 模型: DANCER, 噪声: emb, SNR: -4dB, 第 5 次运行
==========================================
SNR: 6.58
RMSE: 0.2467
完成: DANCER - emb - -4dB - 第 5 次运行

==========================================
[21/35] 模型: DANCER, 噪声: emb, SNR: -2dB, 第 1 次运行
==========================================
SNR: 7.39
RMSE: 0.2255
完成: DANCER - emb - -2dB - 第 1 次运行

==========================================
[22/35] 模型: DANCER, 噪声: emb, SNR: -2dB, 第 2 次运行
==========================================
SNR: 7.36
RMSE: 0.2279
完成: DANCER - emb - -2dB - 第 2 次运行

==========================================
[23/35] 模型: DANCER, 噪声: emb, SNR: -2dB, 第 3 次运行
==========================================
SNR: 7.24
RMSE: 0.2298
完成: DANCER - emb - -2dB - 第 3 次运行

==========================================
[24/35] 模型: DANCER, 噪声: emb, SNR: -2dB, 第 4 次运行
==========================================
SNR: 7.53
RMSE: 0.2234
完成: DANCER - emb - -2dB - 第 4 次运行

==========================================
[25/35] 模型: DANCER, 噪声: emb, SNR: -2dB, 第 5 次运行
==========================================
SNR: 7.38
RMSE: 0.2286
完成: DANCER - emb - -2dB - 第 5 次运行

==========================================
[26/35] 模型: DANCER, 噪声: emb, SNR: 0dB, 第 1 次运行
==========================================
SNR: 7.94
RMSE: 0.2119
完成: DANCER - emb - 0dB - 第 1 次运行

==========================================
[27/35] 模型: DANCER, 噪声: emb, SNR: 0dB, 第 2 次运行
==========================================
SNR: 8.05
RMSE: 0.2120
完成: DANCER - emb - 0dB - 第 2 次运行

==========================================
[28/35] 模型: DANCER, 噪声: emb, SNR: 0dB, 第 3 次运行
==========================================
SNR: 7.91
RMSE: 0.2128
完成: DANCER - emb - 0dB - 第 3 次运行

==========================================
[29/35] 模型: DANCER, 噪声: emb, SNR: 0dB, 第 4 次运行
==========================================
SNR: 7.88
RMSE: 0.2137
完成: DANCER - emb - 0dB - 第 4 次运行

==========================================
[30/35] 模型: DANCER, 噪声: emb, SNR: 0dB, 第 5 次运行
==========================================
SNR: 8.03
RMSE: 0.2136
完成: DANCER - emb - 0dB - 第 5 次运行

==========================================
[31/35] 模型: DANCER, 噪声: emb, SNR: 2dB, 第 1 次运行
==========================================
SNR: 8.86
RMSE: 0.1889
完成: DANCER - emb - 2dB - 第 1 次运行

==========================================
[32/35] 模型: DANCER, 噪声: emb, SNR: 2dB, 第 2 次运行
==========================================
SNR: 8.80
RMSE: 0.1928
完成: DANCER - emb - 2dB - 第 2 次运行

==========================================
[33/35] 模型: DANCER, 噪声: emb, SNR: 2dB, 第 3 次运行
==========================================
SNR: 8.85
RMSE: 0.1908
完成: DANCER - emb - 2dB - 第 3 次运行

==========================================
[34/35] 模型: DANCER, 噪声: emb, SNR: 2dB, 第 4 次运行
==========================================
SNR: 8.75
RMSE: 0.1942
完成: DANCER - emb - 2dB - 第 4 次运行

==========================================
[35/35] 模型: DANCER, 噪声: emb, SNR: 2dB, 第 5 次运行
==========================================
SNR: 8.78
RMSE: 0.1926
完成: DANCER - emb - 2dB - 第 5 次运行

==========================================
[36/35] 模型: DANCER, 噪声: emb, SNR: 4dB, 第 1 次运行
==========================================
SNR: 9.52
RMSE: 0.1782
完成: DANCER - emb - 4dB - 第 1 次运行

==========================================
[37/35] 模型: DANCER, 噪声: emb, SNR: 4dB, 第 2 次运行
==========================================
SNR: 9.54
RMSE: 0.1801
完成: DANCER - emb - 4dB - 第 2 次运行

==========================================
[38/35] 模型: DANCER, 噪声: emb, SNR: 4dB, 第 3 次运行
==========================================
SNR: 9.53
RMSE: 0.1803
完成: DANCER - emb - 4dB - 第 3 次运行

==========================================
[39/35] 模型: DANCER, 噪声: emb, SNR: 4dB, 第 4 次运行
==========================================
SNR: 9.68
RMSE: 0.1752
完成: DANCER - emb - 4dB - 第 4 次运行

==========================================
[40/35] 模型: DANCER, 噪声: emb, SNR: 4dB, 第 5 次运行
==========================================
SNR: 9.64
RMSE: 0.1770
完成: DANCER - emb - 4dB - 第 5 次运行

==========================================
所有实验完成! 总任务数: 35
日志已保存到: results/all_results6.log
